Arguments: 
  /Users/rykov_d/.nvm/versions/node/v14.17.3/bin/node /usr/local/Cellar/yarn/1.22.10/libexec/bin/yarn.js add @webpack-cli @webpack-cli/serve

PATH: 
  /Users/rykov_d/.nvm/versions/node/v14.17.3/bin:/opt/homebrew/bin:/opt/homebrew/sbin:/usr/local/bin:/usr/bin:/bin:/usr/sbin:/sbin:/usr/local/share/dotnet:/opt/X11/bin:~/.dotnet/tools:/Library/Frameworks/Mono.framework/Versions/Current/Commands:/usr/local/share/dotnet/x64

Yarn version: 
  1.22.10

Node version: 
  14.17.3

Platform: 
  darwin x64

Trace: 
  Error: https://registry.yarnpkg.com/@webpack-cli: Request "https://registry.yarnpkg.com/@webpack-cli" returned a 405
      at Request.params.callback [as _callback] (/usr/local/Cellar/yarn/1.22.10/libexec/lib/cli.js:66997:18)
      at Request.self.callback (/usr/local/Cellar/yarn/1.22.10/libexec/lib/cli.js:140749:22)
      at Request.emit (events.js:375:28)
      at Request.<anonymous> (/usr/local/Cellar/yarn/1.22.10/libexec/lib/cli.js:141721:10)
      at Request.emit (events.js:375:28)
      at IncomingMessage.<anonymous> (/usr/local/Cellar/yarn/1.22.10/libexec/lib/cli.js:141643:12)
      at Object.onceWrapper (events.js:481:28)
      at IncomingMessage.emit (events.js:387:35)
      at endReadableNT (internal/streams/readable.js:1317:12)
      at processTicksAndRejections (internal/process/task_queues.js:82:21)

npm manifest: 
  {
    "name": "aviasales-test",
    "version": "1.0.0",
    "description": "",
    "main": "src/server/index.js",
    "scripts": {
      "server:dev": "nodemon src/server/index.js",
      "client:dev": "webpack serve --watch --progress --config src/client/webpack.config.js",
      "build": "webpack --mode=production  --config src/client/webpack.config.js",
      "server:run": "node src/server/index.js"
    },
    "author": "Rykov Dmitriy",
    "license": "ISC",
    "dependencies": {
      "express": "^4.17.1",
      "pg": "^8.3.2",
      "react": "^16.13.1",
      "react-dom": "^16.13.1",
      "react-redux": "^7.2.1",
      "react-thunk": "^1.0.0",
      "redux": "^4.0.5",
      "redux-thunk": "^2.3.0"
    },
    "devDependencies": {
      "@babel/core": "^7.11.4",
      "@babel/preset-react": "^7.10.4",
      "babel-loader": "^8.1.0",
      "css-loader": "^4.2.2",
      "file-loader": "^6.0.0",
      "html-webpack-plugin": "^4.3.0",
      "nodemon": "^2.0.4",
      "style-loader": "^1.2.1",
      "url-loader": "^4.1.0",
      "webpack": "^4.44.1",
      "webpack-cli": "^4.9.2"
    }
  }

yarn manifest: 
  No manifest

Lockfile: 
  No lockfile
